<?xml version="1.0" encoding="UTF-8"?>
<!-- Generated by org.testng.reporters.JUnitReportReporter -->
<testsuite hostname="user-pc" name="testcases.loginManage" tests="1" failures="0" timestamp="21 Mar 2017 07:29:05 GMT" time="3.675" errors="0">
  <testcase name="LogIn" time="3.675" classname="testcases.loginManage"/>
</testsuite> <!-- testcases.loginManage -->
