<?xml version="1.0" encoding="UTF-8"?>
<!-- Generated by org.testng.reporters.JUnitReportReporter -->
<testsuite hostname="user-pc" name="testcases.newLoginmanage" tests="1" failures="0" timestamp="21 Mar 2017 07:31:49 GMT" time="4.057" errors="0">
  <testcase name="logIn" time="4.057" classname="testcases.newLoginmanage"/>
</testsuite> <!-- testcases.newLoginmanage -->
